<?xml version="1.0" encoding="UTF-8"?>
<!-- Generated by org.testng.reporters.JUnitXMLReporter -->
<testsuite hostname="shubham-TravelMate-P243" ignored="0" name="Default test" tests="3" failures="0" timestamp="05 May 2020 08:03:35 GMT" time="5.84" errors="0">
  <testcase name="ADddBook" time="5.18" classname="restAssuredBasics.DynamicJson"/>
  <testcase name="ADddBook" time="0.305" classname="restAssuredBasics.DynamicJson"/>
  <testcase name="ADddBook" time="0.285" classname="restAssuredBasics.DynamicJson"/>
</testsuite> <!-- Default test -->
